5
0 0 89933.95362235648
0 1 75337.41846563994
0 2 56926.355014177716
0 3 73473.17047934164
0 4 35752.72206615094
1 0 41566.24851989933
1 1 32545.827157053893
1 2 68595.03388873838
1 3 38120.160523155435
1 4 27224.18213978014
2 0 10193.694953703509
2 1 30358.86083095677
2 2 42238.88116494
2 3 14864.026614322844
2 4 27983.61170928101
3 0 31237.53023292572
3 1 30359.644783616324
3 2 41828.61013427359
3 3 16844.928837356332
3 4 89806.18167973911
4 0 76460.98625782924
4 1 95992.13977264136
4 2 65965.31451442724
4 3 44715.15011727724
4 4 44890.546717638936
94557.04924177265
92121.98246637621
60312.04487426766
5076.798464751601
42295.104341011946
